<?xml version="1.0" encoding="UTF-8"?>
<!-- Generated by org.testng.reporters.JUnitReportReporter -->
<testsuite hostname="LAPTOP-KECOCNAM" failures="0" tests="3" name="com.qa.hubspot.test.LoginPageTest" time="5.146" errors="0" timestamp="14 Sep 2020 18:10:14 GMT" skipped="0">
  <testcase classname="com.qa.hubspot.test.LoginPageTest" name="verifyLoginPageTest" time="4.428"/>
  <testcase classname="com.qa.hubspot.test.LoginPageTest" name="verifySignUpLink" time="0.078"/>
  <testcase classname="com.qa.hubspot.test.LoginPageTest" name="verifyLoginTest" time="0.640"/>
</testsuite> <!-- com.qa.hubspot.test.LoginPageTest -->
