<?xml version="1.0" encoding="UTF-8"?>
<!-- Generated by org.testng.reporters.JUnitReportReporter -->
<testsuite hostname="LAPTOP-KECOCNAM" failures="0" tests="3" name="com.qa.hubspot.test.LoginPageTest" time="10.234" errors="0" timestamp="27 Oct 2020 23:52:56 GMT" skipped="0">
  <testcase classname="com.qa.hubspot.test.LoginPageTest" name="verifyLoginPageTest" time="9.485"/>
  <testcase classname="com.qa.hubspot.test.LoginPageTest" name="verifySignUpLink" time="0.096"/>
  <testcase classname="com.qa.hubspot.test.LoginPageTest" name="verifyLoginTest" time="0.653"/>
</testsuite> <!-- com.qa.hubspot.test.LoginPageTest -->
