<?xml version="1.0" encoding="UTF-8"?>
<!-- Generated by org.testng.reporters.JUnitReportReporter -->
<testsuite hostname="LAPTOP-KECOCNAM" failures="0" tests="3" name="com.qa.hubspot.test.LoginPageTest" time="5.766" errors="0" timestamp="22 Oct 2020 20:29:00 GMT" skipped="0">
  <testcase classname="com.qa.hubspot.test.LoginPageTest" name="verifyLoginPageTest" time="4.917"/>
  <testcase classname="com.qa.hubspot.test.LoginPageTest" name="verifySignUpLink" time="0.143"/>
  <testcase classname="com.qa.hubspot.test.LoginPageTest" name="verifyLoginTest" time="0.706"/>
</testsuite> <!-- com.qa.hubspot.test.LoginPageTest -->
