<?xml version="1.0" encoding="UTF-8"?>
<!-- Generated by org.testng.reporters.JUnitReportReporter -->
<testsuite hostname="LAPTOP-KECOCNAM" failures="0" tests="3" name="com.qa.hubspot.test.LoginPageTest" time="5.950" errors="0" timestamp="09 Sep 2020 00:41:22 GMT" skipped="0">
  <testcase classname="com.qa.hubspot.test.LoginPageTest" name="verifyLoginPageTest" time="5.454"/>
  <testcase classname="com.qa.hubspot.test.LoginPageTest" name="verifySignUpLink" time="0.063"/>
  <testcase classname="com.qa.hubspot.test.LoginPageTest" name="verifyLoginTest" time="0.433"/>
</testsuite> <!-- com.qa.hubspot.test.LoginPageTest -->
