<?xml version="1.0" encoding="UTF-8"?>
<!-- Generated by org.testng.reporters.JUnitReportReporter -->
<testsuite hostname="LAPTOP-KECOCNAM" failures="0" tests="3" name="com.qa.hubspot.test.HomePageTest" time="3.886" errors="0" timestamp="14 Sep 2020 18:10:14 GMT" skipped="1">
  <testcase classname="com.qa.hubspot.test.HomePageTest" name="getWelcomeTest" time="3.876"/>
  <testcase classname="com.qa.hubspot.test.HomePageTest" name="getPageTitleTest" time="0.010"/>
  <testcase classname="com.qa.hubspot.test.HomePageTest" name="getHeaderText">
    <skipped/>
  </testcase> <!-- getHeaderText -->
</testsuite> <!-- com.qa.hubspot.test.HomePageTest -->
